\BOOKMARK [0][-]{chapter*.6}{\376\377\000I\000n\000t\000r\000o\000d\000u\000c\000t\000i\000o\000n}{}% 1
\BOOKMARK [0][-]{chapter.1}{\376\377\000G\000e\000n\000e\000r\000a\000l\000\040\000c\000o\000n\000t\000e\000x\000t}{}% 2
\BOOKMARK [1][-]{section*.7}{\376\377\000I\000n\000t\000r\000o\000d\000u\000c\000t\000i\000o\000n}{chapter.1}% 3
\BOOKMARK [1][-]{section.1.1}{\376\377\000H\000o\000s\000t\000\040\000o\000r\000g\000a\000n\000i\000z\000a\000t\000i\000o\000n}{chapter.1}% 4
\BOOKMARK [2][-]{subsection.1.1.1}{\376\377\000D\000e\000s\000c\000r\000i\000p\000t\000i\000o\000n\000\040\000o\000f\000\040\000t\000h\000e\000\040\000c\000o\000m\000p\000a\000n\000y}{section.1.1}% 5
\BOOKMARK [2][-]{subsection.1.1.2}{\376\377\000F\000i\000e\000l\000d\000s\000\040\000o\000f\000\040\000e\000x\000p\000e\000r\000t\000i\000s\000e}{section.1.1}% 6
\BOOKMARK [2][-]{subsection.1.1.3}{\376\377\000P\000a\000r\000t\000n\000e\000r\000s}{section.1.1}% 7
\BOOKMARK [1][-]{section.1.2}{\376\377\000P\000r\000o\000j\000e\000c\000t\000\040\000a\000c\000t\000o\000r\000s}{chapter.1}% 8
\BOOKMARK [2][-]{subsection.1.2.1}{\376\377\000P\000a\000r\000t\000n\000a\000r\000-\000a}{section.1.2}% 9
\BOOKMARK [2][-]{subsection.1.2.2}{\376\377\000P\000a\000r\000t\000n\000a\000r\000-\000b}{section.1.2}% 10
\BOOKMARK [2][-]{subsection.1.2.3}{\376\377\000P\000a\000r\000t\000n\000a\000r\000-\000c}{section.1.2}% 11
\BOOKMARK [1][-]{section.1.3}{\376\377\000M\000o\000t\000i\000v\000a\000t\000i\000o\000n\000s\000\040\000a\000n\000d\000\040\000p\000r\000o\000b\000l\000e\000m\000\040\000s\000t\000a\000t\000e\000m\000e\000n\000t}{chapter.1}% 12
\BOOKMARK [2][-]{subsection.1.3.1}{\376\377\000M\000o\000t\000i\000v\000a\000t\000i\000o\000n}{section.1.3}% 13
\BOOKMARK [2][-]{subsection.1.3.2}{\376\377\000P\000r\000o\000b\000l\000e\000m\000\040\000s\000t\000a\000t\000e\000m\000e\000n\000t}{section.1.3}% 14
\BOOKMARK [1][-]{section.1.4}{\376\377\000P\000r\000o\000p\000o\000s\000e\000d\000\040\000s\000o\000l\000u\000t\000i\000o\000n}{chapter.1}% 15
\BOOKMARK [1][-]{section.1.5}{\376\377\000P\000r\000o\000j\000e\000c\000t\000\040\000f\000r\000a\000m\000e\000w\000o\000r\000k\000\040\000a\000n\000d\000\040\000m\000e\000t\000h\000o\000d\000o\000l\000o\000g\000y}{chapter.1}% 16
\BOOKMARK [2][-]{subsection.1.5.1}{\376\377\000A\000g\000i\000l\000e\000\040\000m\000e\000t\000h\000o\000d\000o\000l\000o\000g\000y}{section.1.5}% 17
\BOOKMARK [2][-]{subsection.1.5.2}{\376\377\000T\000e\000a\000m\000\040\000a\000n\000d\000\040\000r\000o\000l\000e\000s\000\040}{section.1.5}% 18
\BOOKMARK [2][-]{subsection.1.5.3}{\376\377\000T\000h\000e\000\040\000S\000C\000R\000U\000M\000\040\000e\000v\000e\000n\000t\000s}{section.1.5}% 19
\BOOKMARK [1][-]{section.1.6}{\376\377\000P\000r\000o\000j\000e\000c\000t\000\040\000t\000i\000m\000e\000l\000i\000n\000e}{chapter.1}% 20
\BOOKMARK [1][-]{table.caption.9}{\376\377\000C\000o\000n\000c\000l\000u\000s\000i\000o\000n}{chapter.1}% 21
\BOOKMARK [0][-]{chapter.2}{\376\377\000S\000t\000a\000t\000e\000\040\000o\000f\000\040\000T\000h\000e\000\040\000A\000r\000t}{}% 22
\BOOKMARK [1][-]{section*.10}{\376\377\000I\000n\000t\000r\000o\000d\000u\000c\000t\000i\000o\000n}{chapter.2}% 23
\BOOKMARK [1][-]{section.2.1}{\376\377\000C\000l\000o\000u\000d\000\040\000C\000o\000m\000p\000u\000t\000i\000n\000g}{chapter.2}% 24
\BOOKMARK [2][-]{subsection.2.1.1}{\376\377\000D\000e\000f\000i\000n\000i\000t\000i\000o\000n}{section.2.1}% 25
\BOOKMARK [2][-]{subsection.2.1.2}{\376\377\000C\000h\000a\000r\000a\000c\000t\000e\000r\000i\000s\000t\000i\000c\000s\000\040\000o\000f\000\040\000C\000l\000o\000u\000d\000\040\000C\000o\000m\000p\000u\000t\000i\000n\000g}{section.2.1}% 26
\BOOKMARK [2][-]{subsection.2.1.3}{\376\377\000S\000e\000r\000v\000i\000c\000e\000\040\000m\000o\000d\000e\000l\000s}{section.2.1}% 27
\BOOKMARK [2][-]{subsection.2.1.4}{\376\377\000D\000e\000p\000l\000o\000y\000m\000e\000n\000t\000\040\000m\000o\000d\000e\000l\000s}{section.2.1}% 28
\BOOKMARK [2][-]{subsection.2.1.5}{\376\377\000C\000l\000o\000u\000d\000\040\000p\000r\000o\000v\000i\000d\000e\000r\000s}{section.2.1}% 29
\BOOKMARK [2][-]{subsection.2.1.6}{\376\377\000A\000W\000S\000\040\000c\000o\000m\000p\000u\000t\000e\000\040\000s\000e\000r\000v\000i\000c\000e\000s}{section.2.1}% 30
\BOOKMARK [1][-]{section.2.2}{\376\377\000D\000e\000v\000O\000p\000s}{chapter.2}% 31
\BOOKMARK [2][-]{subsection.2.2.1}{\376\377\000D\000e\000f\000i\000n\000i\000t\000i\000o\000n}{section.2.2}% 32
\BOOKMARK [2][-]{subsection.2.2.2}{\376\377\000B\000e\000n\000e\000f\000i\000t\000s}{section.2.2}% 33
\BOOKMARK [2][-]{subsection.2.2.3}{\376\377\000I\000n\000f\000r\000a\000s\000t\000r\000u\000c\000t\000u\000r\000e\000\040\000a\000s\000\040\000C\000o\000d\000e\000\040\000-\000\040\000T\000e\000r\000r\000a\000f\000o\000r\000m}{section.2.2}% 34
\BOOKMARK [2][-]{subsection.2.2.4}{\376\377\000C\000I\000/\000C\000D}{section.2.2}% 35
\BOOKMARK [1][-]{subsection.2.2.4}{\376\377\000C\000o\000n\000c\000l\000u\000s\000i\000o\000n}{chapter.2}% 36
\BOOKMARK [0][-]{chapter.3}{\376\377\000p\000r\000o\000d\000u\000c\000t\000-\000x\000\040\000I\000n\000f\000r\000a\000s\000t\000r\000u\000c\000t\000u\000r\000e}{}% 37
\BOOKMARK [1][-]{section*.15}{\376\377\000I\000n\000t\000r\000o\000d\000u\000c\000t\000i\000o\000n}{chapter.3}% 38
\BOOKMARK [1][-]{section.3.1}{\376\377\000I\000n\000f\000r\000a\000s\000t\000r\000u\000c\000t\000u\000r\000e\000\040\000d\000e\000s\000i\000g\000n}{chapter.3}% 39
\BOOKMARK [2][-]{subsection.3.1.1}{\376\377\000S\000e\000r\000v\000i\000c\000e\000\040\000d\000e\000p\000l\000o\000y\000m\000e\000n\000t}{section.3.1}% 40
\BOOKMARK [2][-]{subsection.3.1.2}{\376\377\000D\000a\000t\000a\000b\000a\000s\000e}{section.3.1}% 41
\BOOKMARK [2][-]{subsection.3.1.3}{\376\377\000N\000e\000t\000w\000o\000r\000k\000i\000n\000g}{section.3.1}% 42
\BOOKMARK [2][-]{subsection.3.1.4}{\376\377\000F\000i\000r\000e\000w\000a\000l\000l\000s}{section.3.1}% 43
\BOOKMARK [2][-]{subsection.3.1.5}{\376\377\000D\000i\000s\000a\000s\000t\000e\000r\000\040\000r\000e\000c\000o\000v\000e\000r\000y}{section.3.1}% 44
\BOOKMARK [2][-]{subsection.3.1.6}{\376\377\000F\000i\000n\000a\000l\000\040\000d\000e\000s\000i\000g\000n}{section.3.1}% 45
\BOOKMARK [1][-]{section.3.2}{\376\377\000I\000n\000f\000r\000a\000s\000t\000r\000u\000c\000t\000u\000r\000e\000\040\000d\000e\000p\000l\000o\000y\000m\000e\000n\000t}{chapter.3}% 46
\BOOKMARK [2][-]{subsection.3.2.1}{\376\377\000U\000s\000i\000n\000g\000\040\000T\000e\000r\000r\000a\000f\000o\000r\000m}{section.3.2}% 47
\BOOKMARK [2][-]{subsection.3.2.2}{\376\377\000D\000e\000p\000l\000o\000y\000m\000e\000n\000t}{section.3.2}% 48
\BOOKMARK [1][-]{subsection.3.2.2}{\376\377\000C\000o\000n\000c\000l\000u\000s\000i\000o\000n}{chapter.3}% 49
\BOOKMARK [0][-]{chapter.4}{\376\377\000Q\000u\000a\000l\000i\000t\000y\000\040\000A\000s\000s\000u\000r\000a\000n\000c\000e}{}% 50
\BOOKMARK [1][-]{section*.18}{\376\377\000I\000n\000t\000r\000o\000d\000u\000c\000t\000i\000o\000n}{chapter.4}% 51
\BOOKMARK [1][-]{section.4.1}{\376\377\000M\000o\000n\000i\000t\000o\000r\000i\000n\000g\000\040\000a\000n\000d\000\040\000A\000l\000e\000r\000t\000s}{chapter.4}% 52
\BOOKMARK [2][-]{subsection.4.1.1}{\376\377\000R\000e\000q\000u\000i\000r\000e\000m\000e\000n\000t\000s}{section.4.1}% 53
\BOOKMARK [2][-]{subsection.4.1.2}{\376\377\000T\000o\000o\000l\000-\000a}{section.4.1}% 54
\BOOKMARK [2][-]{subsection.4.1.3}{\376\377\000T\000o\000o\000l\000-\000b}{section.4.1}% 55
\BOOKMARK [2][-]{subsection.4.1.4}{\376\377\000C\000o\000m\000p\000a\000r\000i\000s\000o\000n}{section.4.1}% 56
\BOOKMARK [1][-]{section.4.2}{\376\377\000D\000a\000s\000h\000b\000o\000a\000r\000d\000\040\000a\000n\000d\000\040\000a\000l\000e\000r\000t\000s\000\040\000d\000e\000p\000l\000o\000y\000m\000e\000n\000t}{chapter.4}% 57
\BOOKMARK [2][-]{subsection.4.2.1}{\376\377\000I\000n\000f\000r\000a\000s\000t\000r\000u\000c\000t\000u\000r\000e\000\040\000d\000e\000s\000i\000g\000n}{section.4.2}% 58
\BOOKMARK [2][-]{subsection.4.2.2}{\376\377\000U\000s\000a\000g\000e\000\040\000o\000f\000\040\000T\000e\000r\000r\000a\000f\000o\000r\000m}{section.4.2}% 59
\BOOKMARK [2][-]{subsection.4.2.3}{\376\377\000R\000e\000s\000u\000l\000t\000s}{section.4.2}% 60
\BOOKMARK [1][-]{section.4.3}{\376\377\000L\000o\000a\000d\000\040\000T\000e\000s\000t\000i\000n\000g}{chapter.4}% 61
\BOOKMARK [2][-]{subsection.4.3.1}{\376\377\000R\000e\000q\000u\000i\000r\000e\000m\000e\000n\000t\000s}{section.4.3}% 62
\BOOKMARK [2][-]{subsection.4.3.2}{\376\377\000T\000o\000o\000l\000-\000a}{section.4.3}% 63
\BOOKMARK [2][-]{subsection.4.3.3}{\376\377\000I\000n\000f\000r\000a\000s\000t\000r\000u\000c\000t\000u\000r\000e\000\040\000f\000o\000r\000\040\000L\000o\000a\000d\000\040\000T\000e\000s\000t\000i\000n\000g}{section.4.3}% 64
\BOOKMARK [2][-]{subsection.4.3.4}{\376\377\000L\000o\000a\000d\000\040\000T\000e\000s\000t\000i\000n\000g\000\040\000e\000x\000e\000c\000u\000t\000i\000o\000n}{section.4.3}% 65
\BOOKMARK [2][-]{subsection.4.3.5}{\376\377\000R\000e\000p\000o\000r\000t\000s\000\040\000a\000n\000d\000\040\000I\000n\000s\000i\000g\000h\000t\000s}{section.4.3}% 66
\BOOKMARK [1][-]{subsection.4.3.5}{\376\377\000C\000o\000n\000c\000l\000u\000s\000i\000o\000n}{chapter.4}% 67
\BOOKMARK [0][-]{chapter.5}{\376\377\000C\000o\000n\000t\000i\000n\000u\000o\000u\000s\000\040\000I\000n\000t\000e\000g\000r\000a\000t\000i\000o\000n\000\040\000a\000n\000d\000\040\000C\000o\000n\000t\000i\000n\000u\000o\000u\000s\000\040\000D\000e\000l\000i\000v\000e\000r\000y}{}% 68
\BOOKMARK [1][-]{section*.21}{\376\377\000I\000n\000t\000r\000o\000d\000u\000c\000t\000i\000o\000n}{chapter.5}% 69
\BOOKMARK [1][-]{section.5.1}{\376\377\000C\000I\000/\000C\000D\000\040\000P\000i\000p\000e\000l\000i\000n\000e\000\040}{chapter.5}% 70
\BOOKMARK [2][-]{subsection.5.1.1}{\376\377\000C\000o\000n\000t\000i\000n\000u\000o\000u\000s\000\040\000I\000n\000t\000e\000g\000r\000a\000t\000i\000o\000n\000\040\000\046\000\040\000D\000e\000l\000i\000v\000e\000r\000y}{section.5.1}% 71
\BOOKMARK [2][-]{subsection.5.1.2}{\376\377\000R\000e\000q\000u\000i\000r\000e\000m\000e\000n\000t\000s}{section.5.1}% 72
\BOOKMARK [2][-]{subsection.5.1.3}{\376\377\000A\000c\000c\000o\000u\000n\000t\000s\000\040\000s\000e\000t\000u\000p}{section.5.1}% 73
\BOOKMARK [1][-]{section.5.2}{\376\377\000P\000i\000p\000e\000l\000i\000n\000e\000\040\000d\000e\000s\000i\000g\000n}{chapter.5}% 74
\BOOKMARK [2][-]{subsection.5.2.1}{\376\377\000S\000t\000a\000g\000e\000s}{section.5.2}% 75
\BOOKMARK [2][-]{subsection.5.2.2}{\376\377\000S\000o\000u\000r\000c\000i\000n\000g\000\040\000s\000t\000a\000g\000e}{section.5.2}% 76
\BOOKMARK [2][-]{subsection.5.2.3}{\376\377\000B\000u\000i\000l\000d\000\040\000S\000t\000a\000g\000e}{section.5.2}% 77
\BOOKMARK [2][-]{subsection.5.2.4}{\376\377\000I\000n\000f\000r\000a\000s\000t\000r\000u\000c\000t\000u\000r\000e\000\040\000D\000e\000p\000l\000o\000y\000m\000e\000n\000t}{section.5.2}% 78
\BOOKMARK [2][-]{subsection.5.2.5}{\376\377\000D\000a\000s\000h\000b\000o\000a\000r\000d\000\040\000D\000e\000p\000l\000o\000y\000m\000e\000n\000t}{section.5.2}% 79
\BOOKMARK [2][-]{subsection.5.2.6}{\376\377\000E\0002\000E\000\040\000t\000e\000s\000t\000i\000n\000g}{section.5.2}% 80
\BOOKMARK [1][-]{section.5.3}{\376\377\000P\000i\000p\000e\000l\000i\000n\000e\000\040\000d\000e\000p\000l\000o\000y\000m\000e\000n\000t}{chapter.5}% 81
\BOOKMARK [2][-]{subsection.5.3.1}{\376\377\000P\000r\000o\000j\000e\000c\000t\000\040\000s\000t\000r\000u\000c\000t\000u\000r\000e}{section.5.3}% 82
\BOOKMARK [2][-]{subsection.5.3.2}{\376\377\000R\000e\000s\000u\000l\000t\000s}{section.5.3}% 83
\BOOKMARK [1][-]{table.caption.22}{\376\377\000C\000o\000n\000c\000l\000u\000s\000i\000o\000n}{chapter.5}% 84
\BOOKMARK [0][-]{chapter*.23}{\376\377\000G\000e\000n\000e\000r\000a\000l\000\040\000c\000o\000n\000c\000l\000u\000s\000i\000o\000n}{}% 85
